<?xml version="1.0" encoding="UTF-8"?>
<!-- Generated by org.testng.reporters.JUnitXMLReporter -->
<testsuite ignored="0" hostname="NASHI" failures="1" tests="2" name="Test" time="59.534" errors="0" timestamp="2023-01-29T14:52:47 IST">
  <testcase classname="TestCases.VerifyLoginTestCase" name="login" time="1.463"/>
  <testcase classname="TestCases.VerifySignUpTestCase" name="SignUp" time="37.07">
    <failure type="java.lang.UnsupportedOperationException" message="You may not select a disabled option">
      <![CDATA[java.lang.UnsupportedOperationException: You may not select a disabled option
at org.openqa.selenium.support.ui.Select.assertOptionIsEnabled(Select.java:326)
at org.openqa.selenium.support.ui.Select.setSelected(Select.java:318)
at org.openqa.selenium.support.ui.Select.setSelectedByIndex(Select.java:301)
at org.openqa.selenium.support.ui.Select.selectByIndex(Select.java:179)
at Resources.CommonUtilities.dropdwonHandle(CommonUtilities.java:13)
at TestCases.VerifySignUpTestCase.SignUp(VerifySignUpTestCase.java:42)
at java.base/java.util.ArrayList.forEach(ArrayList.java:1511)
... Removed 25 stack frames]]>
    </failure>
  </testcase> <!-- SignUp -->
</testsuite> <!-- Test -->
